<?xml version="1.0" encoding="UTF-8"?>
<!-- Generated by org.testng.reporters.JUnitReportReporter -->
<testsuite hostname="vishalkharwade" failures="0" tests="3" name="TSNG" time="0.014" errors="0" timestamp="2022-11-07T12:32:30 IST" skipped="0">
  <testcase classname="TSNG" name="login" time="0.010"/>
  <system-out>
    <![CDATA[runnig login TC]]>
  </system-out>
  <testcase classname="TSNG" name="login1" time="0.002"/>
  <system-out>
    <![CDATA[runnig login TC]]>
  </system-out>
  <testcase classname="TSNG" name="Logout" time="0.002"/>
  <system-out>
    <![CDATA[runnig Logout TC]]>
  </system-out>
</testsuite> <!-- TSNG -->
