<?xml version="1.0" encoding="UTF-8"?>
<!-- Generated by org.testng.reporters.JUnitReportReporter -->
<testsuite hostname="vishalkharwade" failures="0" tests="4" name="TestNG.Example9_sample1" time="0.021" errors="0" timestamp="2022-11-09T18:17:12 IST" skipped="0">
  <testcase classname="TestNG.Example9_sample1" name="TC3" time="0.000"/>
  <system-out>
    <![CDATA[--running TC3---]]>
  </system-out>
  <testcase classname="TestNG.Example9_sample1" name="TC1" time="0.015"/>
  <system-out>
    <![CDATA[--running TC1---]]>
  </system-out>
  <testcase classname="TestNG.Example9_sample1" name="TC2" time="0.000"/>
  <system-out>
    <![CDATA[--running TC1---]]>
  </system-out>
  <testcase classname="TestNG.Example9_sample1" name="TC4" time="0.006"/>
  <system-out>
    <![CDATA[--running TC4---]]>
  </system-out>
</testsuite> <!-- TestNG.Example9_sample1 -->
