<?xml version="1.0" encoding="UTF-8"?>
<!-- Generated by org.testng.reporters.JUnitReportReporter -->
<testsuite hostname="vishalkharwade" failures="0" tests="1" name="TestNG.Example11_parallel2" time="30.397" errors="0" timestamp="2022-11-10T22:52:41 IST" skipped="0">
  <testcase classname="TestNG.Example11_parallel2" name="OpenGoogle" time="30.397"/>
  <system-out/>
</testsuite> <!-- TestNG.Example11_parallel2 -->
