<?xml version="1.0" encoding="UTF-8"?>
<!-- Generated by org.testng.reporters.JUnitReportReporter -->
<testsuite hostname="vishalkharwade" failures="0" tests="1" name="TestNG.example1_TestNGTestClass" time="13.543" errors="0" timestamp="2022-11-08T22:55:52 IST" skipped="0">
  <testcase classname="TestNG.example1_TestNGTestClass" name="openFAcebokApp" time="13.543"/>
  <system-out/>
</testsuite> <!-- TestNG.example1_TestNGTestClass -->
