<?xml version="1.0" encoding="UTF-8"?>
<!-- Generated by org.testng.reporters.JUnitReportReporter -->
<testsuite hostname="vishalkharwade" failures="0" tests="3" name="TestNG.example_keyword_vocationCount" time="0.063" errors="0" timestamp="2022-11-09T15:29:58 IST" skipped="0">
  <testcase classname="TestNG.example_keyword_vocationCount" name="Tc1" time="0.037"/>
  <system-out>
    <![CDATA[rinning TC1 ]]>
  </system-out>
  <testcase classname="TestNG.example_keyword_vocationCount" name="Tc1" time="0.017"/>
  <system-out>
    <![CDATA[rinning TC1 ]]>
  </system-out>
  <testcase classname="TestNG.example_keyword_vocationCount" name="Tc1" time="0.009"/>
  <system-out>
    <![CDATA[rinning TC1 ]]>
  </system-out>
</testsuite> <!-- TestNG.example_keyword_vocationCount -->
