<?xml version="1.0" encoding="UTF-8"?>
<!-- Generated by org.testng.reporters.JUnitReportReporter -->
<testsuite hostname="vishalkharwade" failures="0" tests="3" name="TestNG.example55_keyword5_dependOnmethod" time="0.017" errors="0" timestamp="2022-11-09T18:50:33 IST" skipped="0">
  <testcase classname="TestNG.example55_keyword5_dependOnmethod" name="Logout" time="0.002"/>
  <system-out>
    <![CDATA[runnig Tc2]]>
  </system-out>
  <testcase classname="TestNG.example55_keyword5_dependOnmethod" name="Login1" time="0.015"/>
  <system-out>
    <![CDATA[runnig Tc1]]>
  </system-out>
  <testcase classname="TestNG.example55_keyword5_dependOnmethod" name="Login2" time="0.000"/>
  <system-out>
    <![CDATA[runnig Tc2]]>
  </system-out>
</testsuite> <!-- TestNG.example55_keyword5_dependOnmethod -->
