<?xml version="1.0" encoding="UTF-8"?>
<!-- Generated by org.testng.reporters.JUnitReportReporter -->
<testsuite hostname="vishalkharwade" failures="0" tests="2" name="TestNG.example4_keyword1_invocationCount" time="0.002" errors="0" timestamp="2022-11-08T22:55:52 IST" skipped="0">
  <testcase classname="TestNG.example4_keyword1_invocationCount" name="TC1" time="0.001"/>
  <system-out>
    <![CDATA[runnig Tc1]]>
  </system-out>
  <testcase classname="TestNG.example4_keyword1_invocationCount" name="TC1" time="0.001"/>
  <system-out>
    <![CDATA[runnig Tc1]]>
  </system-out>
</testsuite> <!-- TestNG.example4_keyword1_invocationCount -->
