<?xml version="1.0" encoding="UTF-8"?>
<!-- Generated by org.testng.reporters.JUnitReportReporter -->
<testsuite hostname="vishalkharwade" failures="0" tests="1" name="TestNG.Example77_Assertclass_asserEqual" time="0.000" errors="0" timestamp="2022-11-09T19:06:26 IST" skipped="0">
  <testcase classname="TestNG.Example77_Assertclass_asserEqual" name="asserEquals" time="0.000"/>
  <system-out/>
</testsuite> <!-- TestNG.Example77_Assertclass_asserEqual -->
