<?xml version="1.0" encoding="UTF-8"?>
<!-- Generated by org.testng.reporters.JUnitReportReporter -->
<testsuite hostname="vishalkharwade" failures="0" tests="3" name="TestNG.example2_EmailableReport" time="0.008" errors="0" timestamp="2022-11-18T19:52:52 IST" skipped="0">
  <testcase classname="TestNG.example2_EmailableReport" name="TC1" time="0.006"/>
  <system-out>
    <![CDATA[runnig test case 1]]>
  </system-out>
  <testcase classname="TestNG.example2_EmailableReport" name="TC2" time="0.000"/>
  <system-out>
    <![CDATA[runnig test case2]]>
  </system-out>
  <testcase classname="TestNG.example2_EmailableReport" name="TC3" time="0.002"/>
  <system-out>
    <![CDATA[runnig test case3]]>
  </system-out>
</testsuite> <!-- TestNG.example2_EmailableReport -->
