<?xml version="1.0" encoding="UTF-8"?>
<!-- Generated by org.testng.reporters.JUnitReportReporter -->
<testsuite hostname="vishalkharwade" failures="0" tests="1" name="TestNG.example3_TestNgAnnotation" time="0.003" errors="0" timestamp="2022-11-08T22:55:52 IST" skipped="0">
  <testcase classname="TestNG.example3_TestNgAnnotation" name="verifyuserID" time="0.003"/>
  <system-out>
    <![CDATA[running varify  user]]>
  </system-out>
</testsuite> <!-- TestNG.example3_TestNgAnnotation -->
