<?xml version="1.0" encoding="UTF-8"?>
<!-- Generated by org.testng.reporters.JUnitReportReporter -->
<testsuite hostname="vishalkharwade" failures="0" tests="1" name="Mockpractice_POMcLass.UpstoxloginTestTSN" time="9.427" errors="0" timestamp="2022-11-18T13:23:19 IST" skipped="0">
  <testcase classname="Mockpractice_POMcLass.UpstoxloginTestTSN" name="varifyID1" time="9.427"/>
  <system-out/>
</testsuite> <!-- Mockpractice_POMcLass.UpstoxloginTestTSN -->
