<?xml version="1.0" encoding="UTF-8"?>
<!-- Generated by org.testng.reporters.JUnitReportReporter -->
<testsuite hostname="vishalkharwade" failures="0" tests="1" name="POM_With_Pagefactory.UpstoxLoginTest2" time="4.172" errors="0" timestamp="2022-11-14T13:37:24 IST" skipped="0">
  <testcase classname="POM_With_Pagefactory.UpstoxLoginTest2" name="VarifyUserID1" time="4.172"/>
  <system-out/>
</testsuite> <!-- POM_With_Pagefactory.UpstoxLoginTest2 -->
