<?xml version="1.0" encoding="UTF-8"?>
<!-- Generated by org.testng.reporters.JUnitReportReporter -->
<testsuite hostname="vishalkharwade" failures="0" tests="1" name="TestNG.example6_keword_prority" time="0.006" errors="0" timestamp="2022-11-09T13:21:48 IST" skipped="0">
  <testcase classname="TestNG.example6_keword_prority" name="TC1" time="0.006"/>
  <system-out>
    <![CDATA[runnig Tc1]]>
  </system-out>
</testsuite> <!-- TestNG.example6_keword_prority -->
