<?xml version="1.0" encoding="UTF-8"?>
<!-- Generated by org.testng.reporters.JUnitReportReporter -->
<testsuite hostname="vishalkharwade" failures="0" tests="2" name="TestNG.Example12_MultiBrowserTesting" time="20.462" errors="0" timestamp="2022-11-17T14:56:39 IST" skipped="0">
  <testcase classname="TestNG.Example12_MultiBrowserTesting" name="Openbrowser" time="10.139"/>
  <system-out/>
  <testcase classname="TestNG.Example12_MultiBrowserTesting" name="Openbrowser" time="10.323"/>
  <system-out/>
</testsuite> <!-- TestNG.Example12_MultiBrowserTesting -->
