<?xml version="1.0" encoding="UTF-8"?>
<!-- Generated by org.testng.reporters.JUnitReportReporter -->
<testsuite hostname="vishalkharwade" failures="0" tests="3" name="TNG_Emailble" time="0.010" errors="0" timestamp="2022-11-18T19:53:34 IST" skipped="0">
  <testcase classname="TNG_Emailble" name="TC2" time="0.001"/>
  <system-out>
    <![CDATA[good mornig]]>
  </system-out>
  <testcase classname="TNG_Emailble" name="TC1" time="0.009"/>
  <system-out>
    <![CDATA[hello]]>
  </system-out>
  <testcase classname="TNG_Emailble" name="TC3" time="0.000"/>
  <system-out>
    <![CDATA[ok]]>
  </system-out>
</testsuite> <!-- TNG_Emailble -->
