<?xml version="1.0" encoding="UTF-8"?>
<!-- Generated by org.testng.reporters.JUnitReportReporter -->
<testsuite hostname="vishalkharwade" failures="0" tests="1" name="TestNG.Example10_sample2" time="0.002" errors="0" timestamp="2022-11-10T11:24:21 IST" skipped="0">
  <testcase classname="TestNG.Example10_sample2" name="TC1" time="0.002"/>
  <system-out>
    <![CDATA[--running TC1---]]>
  </system-out>
</testsuite> <!-- TestNG.Example10_sample2 -->
