<?xml version="1.0" encoding="UTF-8"?>
<!-- Generated by org.testng.reporters.JUnitReportReporter -->
<testsuite hostname="vishalkharwade" failures="0" tests="4" name="TestNG.example5_Enabled" time="0.002" errors="0" timestamp="2022-11-08T22:55:52 IST" skipped="2">
  <testcase classname="TestNG.example5_Enabled" name="TC1" time="0.002"/>
  <system-out>
    <![CDATA[runnig Tc1]]>
  </system-out>
  <testcase classname="TestNG.example5_Enabled" name="TC2" time="0.000"/>
  <system-out>
    <![CDATA[runnig Tc2]]>
  </system-out>
  <testcase classname="TestNG.example5_Enabled" name="TC3">
    <skipped/>
  </testcase> <!-- TC3 -->
  <system-out/>
  <testcase classname="TestNG.example5_Enabled" name="TC4">
    <skipped/>
  </testcase> <!-- TC4 -->
  <system-out/>
</testsuite> <!-- TestNG.example5_Enabled -->
