<?xml version="1.0" encoding="UTF-8"?>
<!-- Generated by org.testng.reporters.JUnitReportReporter -->
<testsuite hostname="vishalkharwade" failures="0" tests="1" name="selfpractice.UpstoxTestwithTestNg" time="4.610" errors="0" timestamp="2022-11-16T21:42:32 IST" skipped="0">
  <testcase classname="selfpractice.UpstoxTestwithTestNg" name="varifyUserID" time="4.610"/>
  <system-out/>
</testsuite> <!-- selfpractice.UpstoxTestwithTestNg -->
