<?xml version="1.0" encoding="UTF-8"?>
<!-- Generated by org.testng.reporters.JUnitReportReporter -->
<testsuite hostname="vishalkharwade" failures="0" tests="1" name="calender" time="10.591" errors="0" timestamp="2022-11-30T22:30:45 IST" skipped="0">
  <testcase classname="calender" name="calender" time="10.591"/>
  <system-out/>
</testsuite> <!-- calender -->
