<?xml version="1.0" encoding="UTF-8"?>
<!-- Generated by org.testng.reporters.JUnitReportReporter -->
<testsuite hostname="vishalkharwade" failures="0" tests="2" name="TestNG.Example10_sample1" time="0.014" errors="0" timestamp="2022-11-10T11:24:21 IST" skipped="0">
  <testcase classname="TestNG.Example10_sample1" name="TC1" time="0.012"/>
  <system-out>
    <![CDATA[--running TC1---]]>
  </system-out>
  <testcase classname="TestNG.Example10_sample1" name="TC2" time="0.002"/>
  <system-out>
    <![CDATA[--running TC1---]]>
  </system-out>
</testsuite> <!-- TestNG.Example10_sample1 -->
